{
  "RSpec": {
    "coverage": {
      "/home/ubuntu-dev/Project/blog/app/helpers/application_helper.rb": [
        1,
        null,
        1,
        38,
        null,
        null,
        null
      ],
      "/home/ubuntu-dev/Project/blog/app/helpers/pages_helper.rb": [
        1,
        null
      ],
      "/home/ubuntu-dev/Project/blog/app/helpers/posts_helper.rb": [
        1,
        1,
        6,
        6,
        null,
        null,
        1,
        3,
        null,
        null
      ],
      "/home/ubuntu-dev/Project/blog/app/helpers/users_helper.rb": [
        1,
        null
      ],
      "/home/ubuntu-dev/Project/blog/app/controllers/posts_controller.rb": [
        1,
        1,
        1,
        null,
        null,
        null,
        1,
        1,
        null,
        null,
        1,
        7,
        null,
        null,
        null,
        null,
        1,
        null,
        null,
        null,
        1,
        2,
        null,
        null,
        null,
        1,
        null,
        null,
        null,
        null,
        1,
        1,
        null,
        1,
        1,
        2,
        1,
        null,
        0,
        0,
        null,
        null,
        null,
        null,
        null,
        null,
        1,
        0,
        0,
        0,
        0,
        null,
        0,
        0,
        null,
        null,
        null,
        null,
        null,
        null,
        1,
        0,
        0,
        0,
        0,
        null,
        null,
        null,
        1,
        null,
        1,
        3,
        null,
        null,
        null,
        1,
        1,
        null,
        null
      ],
      "/home/ubuntu-dev/Project/blog/app/controllers/application_controller.rb": [
        1,
        null,
        null,
        1,
        null
      ],
      "/home/ubuntu-dev/Project/blog/app/models/post.rb": [
        1,
        1,
        null
      ]
    },
    "timestamp": 1443370844
  }
}
